Build started 11/19/2013 4:50:50 PM.
     1>Project "C:\Users\Damien\Documents\Visual Studio 2012\Projects\GUYTODJ1-ADS-Final\GUYTODJ1-EquationSolver\GUYTODJ1-EquationSolver\GUYTODJ1-EquationSolver.vcxproj" on node 2 (Build target(s)).
     1>ClCompile:
         C:\Program Files (x86)\Microsoft Visual Studio 11.0\VC\bin\CL.exe /c /AI"C:\Program Files (x86)\Reference Assemblies\Microsoft\Framework\.NETFramework\v4.0" /AI"C:\Program Files (x86)\Windows Kits\8.0\References\CommonConfiguration\Neutral" /Zi /clr:pure /nologo /W3 /WX- /Od /Oy- /D WIN32 /D _DEBUG /D _UNICODE /D UNICODE /EHa /MDd /GS /fp:precise /Zc:wchar_t /Zc:forScope /Yc"stdafx.h" /Fp"Debug\GUYTODJ1-EquationSolver.pch" /Fo"Debug\\" /Fd"Debug\vc110.pdb" /TP /FU"C:\Program Files (x86)\Reference Assemblies\Microsoft\Framework\.NETFramework\v4.0\mscorlib.dll" /FU"C:\Program Files (x86)\Reference Assemblies\Microsoft\Framework\.NETFramework\v4.0\System.Data.dll" /FU"C:\Program Files (x86)\Reference Assemblies\Microsoft\Framework\.NETFramework\v4.0\System.dll" /FU"C:\Program Files (x86)\Reference Assemblies\Microsoft\Framework\.NETFramework\v4.0\System.Drawing.dll" /FU"C:\Program Files (x86)\Reference Assemblies\Microsoft\Framework\.NETFramework\v4.0\System.Windows.Forms.dll" /FU"C:\Program Files (x86)\Reference Assemblies\Microsoft\Framework\.NETFramework\v4.0\System.Xml.dll" /analyze- /errorReport:prompt /clr:nostdlib stdafx.cpp
         stdafx.cpp
         C:\Program Files (x86)\Microsoft Visual Studio 11.0\VC\bin\CL.exe /c /AI"C:\Program Files (x86)\Reference Assemblies\Microsoft\Framework\.NETFramework\v4.0" /AI"C:\Program Files (x86)\Windows Kits\8.0\References\CommonConfiguration\Neutral" /Zi /clr:pure /nologo /W3 /WX- /Od /Oy- /D WIN32 /D _DEBUG /D _UNICODE /D UNICODE /EHa /MDd /GS /fp:precise /Zc:wchar_t /Zc:forScope /Yu"stdafx.h" /Fp"Debug\GUYTODJ1-EquationSolver.pch" /Fo"Debug\\" /Fd"Debug\vc110.pdb" /TP /FU"C:\Program Files (x86)\Reference Assemblies\Microsoft\Framework\.NETFramework\v4.0\mscorlib.dll" /FU"C:\Program Files (x86)\Reference Assemblies\Microsoft\Framework\.NETFramework\v4.0\System.Data.dll" /FU"C:\Program Files (x86)\Reference Assemblies\Microsoft\Framework\.NETFramework\v4.0\System.dll" /FU"C:\Program Files (x86)\Reference Assemblies\Microsoft\Framework\.NETFramework\v4.0\System.Drawing.dll" /FU"C:\Program Files (x86)\Reference Assemblies\Microsoft\Framework\.NETFramework\v4.0\System.Windows.Forms.dll" /FU"C:\Program Files (x86)\Reference Assemblies\Microsoft\Framework\.NETFramework\v4.0\System.Xml.dll" /analyze- /errorReport:prompt /clr:nostdlib AssemblyInfo.cpp Chromosome.cpp Gene.cpp "GUYTODJ1-EquationSolver.cpp" Population.cpp
         AssemblyInfo.cpp
         Chromosome.cpp
     1>Chromosome.cpp(44): warning C4244: '=' : conversion from 'int' to 'float', possible loss of data
         Gene.cpp
         GUYTODJ1-EquationSolver.cpp
         Population.cpp
     1>Population.cpp(126): warning C4244: 'initializing' : conversion from 'double' to 'int', possible loss of data
         Generating Code...
       ResourceCompile:
         C:\Program Files (x86)\Windows Kits\8.0\bin\x86\rc.exe /D _UNICODE /D UNICODE /l"0x0409" /nologo /fo"Debug\app.res" app.rc 
       Link:
         C:\Program Files (x86)\Microsoft Visual Studio 11.0\VC\bin\link.exe /ERRORREPORT:PROMPT /OUT:"C:\Users\Damien\Documents\Visual Studio 2012\Projects\GUYTODJ1-ADS-Final\GUYTODJ1-EquationSolver\Debug\GUYTODJ1-EquationSolver.exe" /INCREMENTAL /NOLOGO /ASSEMBLYRESOURCE:Debug\GUYTODJ1EquationSolver.Form1.resources /MANIFEST /MANIFESTUAC:"level='asInvoker' uiAccess='false'" /manifest:embed /DEBUG /PDB:"C:\Users\Damien\Documents\Visual Studio 2012\Projects\GUYTODJ1-ADS-Final\GUYTODJ1-EquationSolver\Debug\GUYTODJ1-EquationSolver.pdb" /ASSEMBLYDEBUG /SUBSYSTEM:WINDOWS /TLBID:1 /ENTRY:"main" /DYNAMICBASE /FIXED:NO /NXCOMPAT /MACHINE:X86 Debug\app.res
         Debug\AssemblyInfo.obj
         Debug\Chromosome.obj
         Debug\Gene.obj
         "Debug\GUYTODJ1-EquationSolver.obj"
         Debug\Population.obj
         Debug\stdafx.obj
         "Debug\.NETFramework,Version=v4.0.AssemblyAttributes.obj"
         GUYTODJ1-EquationSolver.vcxproj -> C:\Users\Damien\Documents\Visual Studio 2012\Projects\GUYTODJ1-ADS-Final\GUYTODJ1-EquationSolver\Debug\GUYTODJ1-EquationSolver.exe
     1>Done Building Project "C:\Users\Damien\Documents\Visual Studio 2012\Projects\GUYTODJ1-ADS-Final\GUYTODJ1-EquationSolver\GUYTODJ1-EquationSolver\GUYTODJ1-EquationSolver.vcxproj" (Build target(s)).

Build succeeded.

Time Elapsed 00:00:01.62
