Build started 11/19/2013 4:16:16 PM.
     1>Project "C:\Users\Damien\Documents\Visual Studio 2012\Projects\GUYTODJ1-BreadthFirstTraversal\GUYTODJ1-BreadthFirstTraversal\GUYTODJ1-BreadthFirstTraversal.vcxproj" on node 2 (Build target(s)).
     1>ClCompile:
         C:\Program Files (x86)\Microsoft Visual Studio 11.0\VC\bin\CL.exe /c /AI"C:\Program Files (x86)\Reference Assemblies\Microsoft\Framework\.NETFramework\v4.0" /AI"C:\Program Files (x86)\Windows Kits\8.0\References\CommonConfiguration\Neutral" /Zi /clr:pure /nologo /W3 /WX- /Od /Oy- /D WIN32 /D _DEBUG /D _UNICODE /D UNICODE /EHa /MDd /GS /fp:precise /Zc:wchar_t /Zc:forScope /Yu"stdafx.h" /Fp"Debug\GUYTODJ1-BreadthFirstTraversal.pch" /Fo"Debug\\" /Fd"Debug\vc110.pdb" /TP /FU"C:\Program Files (x86)\Reference Assemblies\Microsoft\Framework\.NETFramework\v4.0\mscorlib.dll" /FU"C:\Program Files (x86)\Reference Assemblies\Microsoft\Framework\.NETFramework\v4.0\System.Data.dll" /FU"C:\Program Files (x86)\Reference Assemblies\Microsoft\Framework\.NETFramework\v4.0\System.dll" /FU"C:\Program Files (x86)\Reference Assemblies\Microsoft\Framework\.NETFramework\v4.0\System.Drawing.dll" /FU"C:\Program Files (x86)\Reference Assemblies\Microsoft\Framework\.NETFramework\v4.0\System.Windows.Forms.dll" /FU"C:\Program Files (x86)\Reference Assemblies\Microsoft\Framework\.NETFramework\v4.0\System.Xml.dll" /analyze- /errorReport:prompt /clr:nostdlib "GUYTODJ1-BreadthFirstTraversal.cpp" LinkedList.cpp MyQueue.cpp Node.cpp Tree.cpp
         GUYTODJ1-BreadthFirstTraversal.cpp
     1>c:\users\damien\documents\visual studio 2012\projects\guytodj1-breadthfirsttraversal\guytodj1-breadthfirsttraversal\Form1.h(26): warning C4677: 'tree': signature of non-private member contains assembly private type 'Tree'
                 c:\users\damien\documents\visual studio 2012\projects\guytodj1-breadthfirsttraversal\guytodj1-breadthfirsttraversal\Tree.h(14) : see declaration of 'Tree'
         LinkedList.cpp
         MyQueue.cpp
         Node.cpp
         Tree.cpp
     1>Tree.cpp(57): warning C4244: 'initializing' : conversion from 'float' to 'int', possible loss of data
     1>Tree.cpp(60): warning C4244: 'argument' : conversion from 'int' to 'float', possible loss of data
     1>Tree.cpp(70): warning C4244: 'argument' : conversion from 'float' to 'int', possible loss of data
     1>Tree.cpp(75): warning C4244: 'argument' : conversion from 'float' to 'int', possible loss of data
     1>Tree.cpp(81): warning C4244: 'argument' : conversion from 'float' to 'int', possible loss of data
         Generating Code...
       Link:
         C:\Program Files (x86)\Microsoft Visual Studio 11.0\VC\bin\link.exe /ERRORREPORT:PROMPT /OUT:"C:\Users\Damien\Documents\Visual Studio 2012\Projects\GUYTODJ1-BreadthFirstTraversal\Debug\GUYTODJ1-BreadthFirstTraversal.exe" /INCREMENTAL /NOLOGO /ASSEMBLYRESOURCE:Debug\GUYTODJ1BreadthFirstTraversal.Form1.resources /MANIFEST /MANIFESTUAC:"level='asInvoker' uiAccess='false'" /manifest:embed /DEBUG /PDB:"C:\Users\Damien\Documents\Visual Studio 2012\Projects\GUYTODJ1-BreadthFirstTraversal\Debug\GUYTODJ1-BreadthFirstTraversal.pdb" /ASSEMBLYDEBUG /SUBSYSTEM:WINDOWS /TLBID:1 /ENTRY:"main" /DYNAMICBASE /FIXED:NO /NXCOMPAT /MACHINE:X86 Debug\app.res
         Debug\AssemblyInfo.obj
         "Debug\GUYTODJ1-BreadthFirstTraversal.obj"
         Debug\LinkedList.obj
         Debug\MyQueue.obj
         Debug\Node.obj
         Debug\stdafx.obj
         Debug\Tree.obj
         "Debug\.NETFramework,Version=v4.0.AssemblyAttributes.obj"
         GUYTODJ1-BreadthFirstTraversal.vcxproj -> C:\Users\Damien\Documents\Visual Studio 2012\Projects\GUYTODJ1-BreadthFirstTraversal\Debug\GUYTODJ1-BreadthFirstTraversal.exe
     1>Done Building Project "C:\Users\Damien\Documents\Visual Studio 2012\Projects\GUYTODJ1-BreadthFirstTraversal\GUYTODJ1-BreadthFirstTraversal\GUYTODJ1-BreadthFirstTraversal.vcxproj" (Build target(s)).

Build succeeded.

Time Elapsed 00:00:01.72
